Command: ninja all
[1/9] Performing build step for 'bootloader'
[1/1] cd /home/lucas/Build_Project/boat-receiver/build/bootloader/esp-idf/esptool_py && /home/lucas/.espressif/python_env/idf5.5_py3.12_env/bin/python /home/lucas/esp/esp-idf/components/partition_table/check_sizes.py --offset 0x8000 bootloader 0x1000 /home/lucas/Build_Project/boat-receiver/build/bootloader/bootloader.bin
Bootloader binary size 0x6680 bytes. 0x980 bytes (8%) free.
[2/9] No install step for 'bootloader'
[3/9] Completed 'bootloader'
[4/9] Building C object esp-idf/main/CMakeFiles/__idf_main.dir/boat_controller.c.obj
FAILED: esp-idf/main/CMakeFiles/__idf_main.dir/boat_controller.c.obj 
/home/lucas/.espressif/tools/xtensa-esp-elf/esp-14.2.0_20241119/xtensa-esp-elf/bin/xtensa-esp32-elf-gcc -DESP_PLATFORM -DIDF_VER=\"v5.5.1\" -DSOC_MMU_PAGE_SIZE=CONFIG_MMU_PAGE_SIZE -DSOC_XTAL_FREQ_MHZ=CONFIG_XTAL_FREQ -D_GLIBCXX_HAVE_POSIX_SEMAPHORE -D_GLIBCXX_USE_POSIX_SEMAPHORE -D_GNU_SOURCE -D_POSIX_READER_WRITER_LOCKS -I/home/lucas/Build_Project/boat-receiver/build/config -I/home/lucas/esp/esp-idf/components/newlib/platform_include -I/home/lucas/esp/esp-idf/components/freertos/config/include -I/home/lucas/esp/esp-idf/components/freertos/config/include/freertos -I/home/lucas/esp/esp-idf/components/freertos/config/xtensa/include -I/home/lucas/esp/esp-idf/components/freertos/FreeRTOS-Kernel/include -I/home/lucas/esp/esp-idf/components/freertos/FreeRTOS-Kernel/portable/xtensa/include -I/home/lucas/esp/esp-idf/components/freertos/FreeRTOS-Kernel/portable/xtensa/include/freertos -I/home/lucas/esp/esp-idf/components/freertos/esp_additions/include -I/home/lucas/esp/esp-idf/components/esp_hw_support/include -I/home/lucas/esp/esp-idf/components/esp_hw_support/include/soc -I/home/lucas/esp/esp-idf/components/esp_hw_support/include/soc/esp32 -I/home/lucas/esp/esp-idf/components/esp_hw_support/dma/include -I/home/lucas/esp/esp-idf/components/esp_hw_support/ldo/include -I/home/lucas/esp/esp-idf/components/esp_hw_support/debug_probe/include -I/home/lucas/esp/esp-idf/components/esp_hw_support/mspi_timing_tuning/include -I/home/lucas/esp/esp-idf/components/esp_hw_support/mspi_timing_tuning/tuning_scheme_impl/include -I/home/lucas/esp/esp-idf/components/esp_hw_support/power_supply/include -I/home/lucas/esp/esp-idf/components/esp_hw_support/port/esp32/. -I/home/lucas/esp/esp-idf/components/esp_hw_support/port/esp32/include -I/home/lucas/esp/esp-idf/components/heap/include -I/home/lucas/esp/esp-idf/components/heap/tlsf -I/home/lucas/esp/esp-idf/components/log/include -I/home/lucas/esp/esp-idf/components/soc/include -I/home/lucas/esp/esp-idf/components/soc/esp32 -I/home/lucas/esp/esp-idf/components/soc/esp32/include -I/home/lucas/esp/esp-idf/components/soc/esp32/register -I/home/lucas/esp/esp-idf/components/hal/platform_port/include -I/home/lucas/esp/esp-idf/components/hal/esp32/include -I/home/lucas/esp/esp-idf/components/hal/include -I/home/lucas/esp/esp-idf/components/esp_rom/include -I/home/lucas/esp/esp-idf/components/esp_rom/esp32/include -I/home/lucas/esp/esp-idf/components/esp_rom/esp32/include/esp32 -I/home/lucas/esp/esp-idf/components/esp_rom/esp32 -I/home/lucas/esp/esp-idf/components/esp_common/include -I/home/lucas/esp/esp-idf/components/esp_system/include -I/home/lucas/esp/esp-idf/components/esp_system/port/soc -I/home/lucas/esp/esp-idf/components/esp_system/port/include/private -I/home/lucas/esp/esp-idf/components/xtensa/esp32/include -I/home/lucas/esp/esp-idf/components/xtensa/include -I/home/lucas/esp/esp-idf/components/xtensa/deprecated_include -I/home/lucas/esp/esp-idf/components/lwip/include -I/home/lucas/esp/esp-idf/components/lwip/include/apps -I/home/lucas/esp/esp-idf/components/lwip/include/apps/sntp -I/home/lucas/esp/esp-idf/components/lwip/lwip/src/include -I/home/lucas/esp/esp-idf/components/lwip/port/include -I/home/lucas/esp/esp-idf/components/lwip/port/freertos/include -I/home/lucas/esp/esp-idf/components/lwip/port/esp32xx/include -I/home/lucas/esp/esp-idf/components/lwip/port/esp32xx/include/arch -I/home/lucas/esp/esp-idf/components/lwip/port/esp32xx/include/sys -I/home/lucas/esp/esp-idf/components/spi_flash/include -I/home/lucas/esp/esp-idf/components/nvs_flash/include -I/home/lucas/esp/esp-idf/components/esp_partition/include -I/home/lucas/esp/esp-idf/components/esp_netif/include -I/home/lucas/esp/esp-idf/components/esp_event/include -I/home/lucas/esp/esp-idf/components/esp_wifi/include -I/home/lucas/esp/esp-idf/components/esp_wifi/include/local -I/home/lucas/esp/esp-idf/components/esp_wifi/wifi_apps/include -I/home/lucas/esp/esp-idf/components/esp_wifi/wifi_apps/nan_app/include -I/home/lucas/esp/esp-idf/components/esp_phy/include -I/home/lucas/esp/esp-idf/components/esp_phy/esp32/include -I/home/lucas/esp/esp-idf/components/wpa_supplicant/include -I/home/lucas/esp/esp-idf/components/wpa_supplicant/port/include -I/home/lucas/esp/esp-idf/components/wpa_supplicant/esp_supplicant/include -mlongcalls -Wno-frame-address  -fno-builtin-memcpy -fno-builtin-memset -fno-builtin-bzero -fno-builtin-stpcpy -fno-builtin-strncpy -fdiagnostics-color=always -ffunction-sections -fdata-sections -Wall -Werror=all -Wno-error=unused-function -Wno-error=unused-variable -Wno-error=unused-but-set-variable -Wno-error=deprecated-declarations -Wextra -Wno-error=extra -Wno-unused-parameter -Wno-sign-compare -Wno-enum-conversion -gdwarf-4 -ggdb -Og -fno-shrink-wrap -fmacro-prefix-map=/home/lucas/Build_Project/boat-receiver=. -fmacro-prefix-map=/home/lucas/esp/esp-idf=/IDF -fstrict-volatile-bitfields -fno-jump-tables -fno-tree-switch-conversion -std=gnu17 -Wno-old-style-declaration -MD -MT esp-idf/main/CMakeFiles/__idf_main.dir/boat_controller.c.obj -MF esp-idf/main/CMakeFiles/__idf_main.dir/boat_controller.c.obj.d -o esp-idf/main/CMakeFiles/__idf_main.dir/boat_controller.c.obj -c /home/lucas/Build_Project/boat-receiver/main/boat_controller.c
/home/lucas/Build_Project/boat-receiver/main/boat_controller.c: In function 'app_main':
/home/lucas/Build_Project/boat-receiver/main/boat_controller.c:48:5: error: unknown type name 'esp_eap_config_t'; did you mean 'esp_log_config_t'?
   48 |     esp_eap_config_t config = {
      |     ^~~~~~~~~~~~~~~~
      |     esp_log_config_t
/home/lucas/Build_Project/boat-receiver/main/boat_controller.c:49:9: error: field name not in record or union initializer
   49 |         .identity = (uint8_t *)"YOUR_USERNAME@your_university.edu",
      |         ^
/home/lucas/Build_Project/boat-receiver/main/boat_controller.c:49:9: note: (near initialization for 'config')
/home/lucas/Build_Project/boat-receiver/main/boat_controller.c:49:21: error: initialization of 'int' from 'uint8_t *' {aka 'unsigned char *'} makes integer from pointer without a cast [-Wint-conversion]
   49 |         .identity = (uint8_t *)"YOUR_USERNAME@your_university.edu",
      |                     ^
/home/lucas/Build_Project/boat-receiver/main/boat_controller.c:49:21: note: (near initialization for 'config')
/home/lucas/Build_Project/boat-receiver/main/boat_controller.c:50:9: error: field name not in record or union initializer
   50 |         .identity_len = strlen("YOUR_USERNAME@your_university.edu"),
      |         ^
/home/lucas/Build_Project/boat-receiver/main/boat_controller.c:50:9: note: (near initialization for 'config')
/home/lucas/Build_Project/boat-receiver/main/boat_controller.c:50:25: warning: excess elements in scalar initializer
   50 |         .identity_len = strlen("YOUR_USERNAME@your_university.edu"),
      |                         ^~~~~~
/home/lucas/Build_Project/boat-receiver/main/boat_controller.c:50:25: note: (near initialization for 'config')
/home/lucas/Build_Project/boat-receiver/main/boat_controller.c:52:9: error: field name not in record or union initializer
   52 |         .username = (uint8_t *)"YOUR_USERNAME@your_university.edu",
      |         ^
/home/lucas/Build_Project/boat-receiver/main/boat_controller.c:52:9: note: (near initialization for 'config')
/home/lucas/Build_Project/boat-receiver/main/boat_controller.c:52:21: warning: excess elements in scalar initializer
   52 |         .username = (uint8_t *)"YOUR_USERNAME@your_university.edu",
      |                     ^
/home/lucas/Build_Project/boat-receiver/main/boat_controller.c:52:21: note: (near initialization for 'config')
/home/lucas/Build_Project/boat-receiver/main/boat_controller.c:53:9: error: field name not in record or union initializer
   53 |         .username_len = strlen("YOUR_USERNAME@your_university.edu"),
      |         ^
/home/lucas/Build_Project/boat-receiver/main/boat_controller.c:53:9: note: (near initialization for 'config')
/home/lucas/Build_Project/boat-receiver/main/boat_controller.c:53:25: warning: excess elements in scalar initializer
   53 |         .username_len = strlen("YOUR_USERNAME@your_university.edu"),
      |                         ^~~~~~
/home/lucas/Build_Project/boat-receiver/main/boat_controller.c:53:25: note: (near initialization for 'config')
/home/lucas/Build_Project/boat-receiver/main/boat_controller.c:55:9: error: field name not in record or union initializer
   55 |         .password = (uint8_t *)"YOUR_EDUROAM_PASSWORD",
      |         ^
/home/lucas/Build_Project/boat-receiver/main/boat_controller.c:55:9: note: (near initialization for 'config')
/home/lucas/Build_Project/boat-receiver/main/boat_controller.c:55:21: warning: excess elements in scalar initializer
   55 |         .password = (uint8_t *)"YOUR_EDUROAM_PASSWORD",
      |                     ^
/home/lucas/Build_Project/boat-receiver/main/boat_controller.c:55:21: note: (near initialization for 'config')
/home/lucas/Build_Project/boat-receiver/main/boat_controller.c:56:9: error: field name not in record or union initializer
   56 |         .password_len = strlen("YOUR_EDUROAM_PASSWORD"),
      |         ^
/home/lucas/Build_Project/boat-receiver/main/boat_controller.c:56:9: note: (near initialization for 'config')
/home/lucas/Build_Project/boat-receiver/main/boat_controller.c:56:25: warning: excess elements in scalar initializer
   56 |         .password_len = strlen("YOUR_EDUROAM_PASSWORD"),
      |                         ^~~~~~
/home/lucas/Build_Project/boat-receiver/main/boat_controller.c:56:25: note: (near initialization for 'config')
/home/lucas/Build_Project/boat-receiver/main/boat_controller.c:58:9: error: field name not in record or union initializer
   58 |         .method = ESP_EAP_PEAP,
      |         ^
/home/lucas/Build_Project/boat-receiver/main/boat_controller.c:58:9: note: (near initialization for 'config')
/home/lucas/Build_Project/boat-receiver/main/boat_controller.c:58:19: error: 'ESP_EAP_PEAP' undeclared (first use in this function); did you mean 'ESP_EAP_TYPE_ALL'?
   58 |         .method = ESP_EAP_PEAP,
      |                   ^~~~~~~~~~~~
      |                   ESP_EAP_TYPE_ALL
/home/lucas/Build_Project/boat-receiver/main/boat_controller.c:58:19: note: each undeclared identifier is reported only once for each function it appears in
/home/lucas/Build_Project/boat-receiver/main/boat_controller.c:58:19: warning: excess elements in scalar initializer
/home/lucas/Build_Project/boat-receiver/main/boat_controller.c:58:19: note: (near initialization for 'config')
/home/lucas/Build_Project/boat-receiver/main/boat_controller.c:59:9: error: field name not in record or union initializer
   59 |         .phase2_method = ESP_EAP_PHASE2_MSCHAPV2,
      |         ^
/home/lucas/Build_Project/boat-receiver/main/boat_controller.c:59:9: note: (near initialization for 'config')
/home/lucas/Build_Project/boat-receiver/main/boat_controller.c:59:26: error: 'ESP_EAP_PHASE2_MSCHAPV2' undeclared (first use in this function); did you mean 'ESP_EAP_TTLS_PHASE2_MSCHAPV2'?
   59 |         .phase2_method = ESP_EAP_PHASE2_MSCHAPV2,
      |                          ^~~~~~~~~~~~~~~~~~~~~~~
      |                          ESP_EAP_TTLS_PHASE2_MSCHAPV2
/home/lucas/Build_Project/boat-receiver/main/boat_controller.c:59:26: warning: excess elements in scalar initializer
/home/lucas/Build_Project/boat-receiver/main/boat_controller.c:59:26: note: (near initialization for 'config')
/home/lucas/Build_Project/boat-receiver/main/boat_controller.c:48:22: warning: unused variable 'config' [-Wunused-variable]
   48 |     esp_eap_config_t config = {
      |                      ^~~~~~
ninja: build stopped: subcommand failed.
